#
# There is insufficient memory for the Java Runtime Environment to continue.
# Native memory allocation (mmap) failed to map 167772160 bytes for G1 virtual space
# Possible reasons:
#   The system is out of physical RAM or swap space
#   The process is running with CompressedOops enabled, and the Java Heap may be blocking the growth of the native heap
# Possible solutions:
#   Reduce memory load on the system
#   Increase physical memory or swap space
#   Check if swap backing store is full
#   Decrease Java heap size (-Xmx/-Xms)
#   Decrease number of Java threads
#   Decrease Java thread stack sizes (-Xss)
#   Set larger code cache with -XX:ReservedCodeCacheSize=
#   JVM is running with Zero Based Compressed Oops mode in which the Java heap is
#     placed in the first 32GB address space. The Java Heap base address is the
#     maximum limit for the native heap growth. Please use -XX:HeapBaseMinAddress
#     to set the Java Heap base and to place the Java Heap above 32GB virtual address.
# This output file may be truncated or incomplete.
#
#  Out of Memory Error (os_windows.cpp:3532), pid=16272, tid=6048
#
# JRE version:  (17.0.2+8) (build )
# Java VM: OpenJDK 64-Bit Server VM (17.0.2+8-LTS, mixed mode, sharing, tiered, compressed oops, compressed class ptrs, g1 gc, windows-amd64)
# No core dump will be written. Minidumps are not enabled by default on client versions of Windows
#

---------------  S U M M A R Y ------------

Command Line: -javaagent:C:\Program Files\JetBrains\IntelliJ IDEA Community Edition 2022.1.2\lib\idea_rt.jar=54535:C:\Program Files\JetBrains\IntelliJ IDEA Community Edition 2022.1.2\bin -Dfile.encoding=UTF-8 Main

Host: AMD FX(tm)-6300 Six-Core Processor             , 6 cores, 9G,  Windows 10 , 64 bit Build 19041 (10.0.19041.1706)
Time: Sat Jun 11 23:21:10 2022 RTZ 4 (s 10 , 64 bit Build 19041 (10.0.19041.1706) elapsed time: 0.016941 seconds (0d 0h 0m 0s)

---------------  T H R E A D  ---------------

Current thread (0x000002a9250bc510):  JavaThread "Unknown thread" [_thread_in_vm, id=6048, stack(0x000000aaa2a00000,0x000000aaa2b00000)]

Stack: [0x000000aaa2a00000,0x000000aaa2b00000]
Native frames: (J=compiled Java code, j=interpreted, Vv=VM code, C=native code)
V  [jvm.dll+0x67691a]
V  [jvm.dll+0x8316a4]
V  [jvm.dll+0x832e4e]
V  [jvm.dll+0x8334b3]
V  [jvm.dll+0x245585]
V  [jvm.dll+0x673839]
V  [jvm.dll+0x668172]
V  [jvm.dll+0x3042cb]
V  [jvm.dll+0x30b7d6]
V  [jvm.dll+0x35b59e]
V  [jvm.dll+0x35b7cf]
V  [jvm.dll+0x2db278]
V  [jvm.dll+0x2dc1e4]
V  [jvm.dll+0x802f31]
V  [jvm.dll+0x369321]
V  [jvm.dll+0x7e22ac]
V  [jvm.dll+0x3ec0ef]
V  [jvm.dll+0x3edc71]
C  [jli.dll+0x527b]
C  [ucrtbase.dll+0x21bb2]
C  [KERNEL32.DLL+0x17034]
C  [ntdll.dll+0x52651]


---------------  P R O C E S S  ---------------

Threads class SMR info:
_java_thread_list=0x00007ffebf899e98, length=0, elements={
}

Java Threads: ( => current thread )

Other Threads:
  0x000002a9250f8c40 GCTaskThread "GC Thread#0" [stack: 0x000000aaa2b00000,0x000000aaa2c00000] [id=15260]
  0x000002a925103a10 ConcurrentGCThread "G1 Main Marker" [stack: 0x000000aaa2c00000,0x000000aaa2d00000] [id=1500]
  0x000002a925104ad0 ConcurrentGCThread "G1 Conc#0" [stack: 0x000000aaa2d00000,0x000000aaa2e00000] [id=13724]

[error occurred during error reporting (printing all threads), id 0xc0000005, EXCEPTION_ACCESS_VIOLATION (0xc0000005) at pc=0x00007ffebf05bca7]

VM state: not at safepoint (not fully initialized)

VM Mutex/Monitor currently owned by a thread:  ([mutex/lock_event])
[0x000002a9250b86c0] Heap_lock - owner thread: 0x000002a9250bc510

Heap address: 0x0000000760800000, size: 2552 MB, Compressed Oops mode: Zero based, Oop shift amount: 3

CDS archive(s) mapped at: [0x0000000000000000-0x0000000000000000-0x0000000000000000), size 0, SharedBaseAddress: 0x0000000800000000, ArchiveRelocationMode: 0.
Narrow klass base: 0x0000000000000000, Narrow klass shift: 0, Narrow klass range: 0x0

GC Precious Log:
<Empty>

Heap:
 garbage-first heap   total 0K, used 0K [0x0000000760800000, 0x0000000800000000)
  region size 2048K, 0 young (0K), 0 survivors (0K)

[error occurred during error reporting (printing heap information), id 0xc0000005, EXCEPTION_ACCESS_VIOLATION (0xc0000005) at pc=0x00007ffebf43fc69]

GC Heap History (0 events):
No events

Deoptimization events (0 events):
No events

Classes unloaded (0 events):
No events

Classes redefined (0 events):
No events

Internal exceptions (0 events):
No events

VM Operations (0 events):
No events

Events (1 events):
Event: 0.008 Loaded shared library C:\Users\roma1\Desktop\jdk-17.0.2+8\bin\java.dll


Dynamic libraries:
0x00007ff736e00000 - 0x00007ff736e0e000 	C:\Users\roma1\Desktop\jdk-17.0.2+8\bin\java.exe
0x00007ffeeed70000 - 0x00007ffeeef65000 	C:\WINDOWS\SYSTEM32\ntdll.dll
0x00007ffeee160000 - 0x00007ffeee21d000 	C:\WINDOWS\System32\KERNEL32.DLL
0x00007ffeec670000 - 0x00007ffeec93d000 	C:\WINDOWS\System32\KERNELBASE.dll
0x00007ffeec540000 - 0x00007ffeec640000 	C:\WINDOWS\System32\ucrtbase.dll
0x00007ffee0aa0000 - 0x00007ffee0ab8000 	C:\Users\roma1\Desktop\jdk-17.0.2+8\bin\jli.dll
0x00007ffee80d0000 - 0x00007ffee80eb000 	C:\Users\roma1\Desktop\jdk-17.0.2+8\bin\VCRUNTIME140.dll
0x00007ffeed730000 - 0x00007ffeed8d0000 	C:\WINDOWS\System32\USER32.dll
0x00007ffed7df0000 - 0x00007ffed808a000 	C:\WINDOWS\WinSxS\amd64_microsoft.windows.common-controls_6595b64144ccf1df_6.0.19041.1110_none_60b5254171f9507e\COMCTL32.dll
0x00007ffeecaf0000 - 0x00007ffeecb12000 	C:\WINDOWS\System32\win32u.dll
0x00007ffeedd50000 - 0x00007ffeedd7a000 	C:\WINDOWS\System32\GDI32.dll
0x00007ffeee220000 - 0x00007ffeee2be000 	C:\WINDOWS\System32\msvcrt.dll
0x00007ffeec9e0000 - 0x00007ffeecaeb000 	C:\WINDOWS\System32\gdi32full.dll
0x00007ffeec940000 - 0x00007ffeec9dd000 	C:\WINDOWS\System32\msvcp_win.dll
0x00007ffeee2c0000 - 0x00007ffeee2f0000 	C:\WINDOWS\System32\IMM32.DLL
0x00007ffee8080000 - 0x00007ffee808c000 	C:\Users\roma1\Desktop\jdk-17.0.2+8\bin\vcruntime140_1.dll
0x00007ffed6230000 - 0x00007ffed62bd000 	C:\Users\roma1\Desktop\jdk-17.0.2+8\bin\msvcp140.dll
0x00007ffebed70000 - 0x00007ffebf9cb000 	C:\Users\roma1\Desktop\jdk-17.0.2+8\bin\server\jvm.dll
0x00007ffeee620000 - 0x00007ffeee6ce000 	C:\WINDOWS\System32\ADVAPI32.dll
0x00007ffeee790000 - 0x00007ffeee82c000 	C:\WINDOWS\System32\sechost.dll
0x00007ffeeceb0000 - 0x00007ffeecfd5000 	C:\WINDOWS\System32\RPCRT4.dll
0x00007ffeecea0000 - 0x00007ffeecea8000 	C:\WINDOWS\System32\PSAPI.DLL
0x00007ffee15f0000 - 0x00007ffee15f9000 	C:\WINDOWS\SYSTEM32\WSOCK32.dll
0x00007ffee1fb0000 - 0x00007ffee1fd7000 	C:\WINDOWS\SYSTEM32\WINMM.dll
0x00007ffee5fe0000 - 0x00007ffee5fea000 	C:\WINDOWS\SYSTEM32\VERSION.dll
0x00007ffeeecc0000 - 0x00007ffeeed2b000 	C:\WINDOWS\System32\WS2_32.dll
0x00007ffeea3a0000 - 0x00007ffeea3b2000 	C:\WINDOWS\SYSTEM32\kernel.appcore.dll
0x00007ffee2f60000 - 0x00007ffee2f6a000 	C:\Users\roma1\Desktop\jdk-17.0.2+8\bin\jimage.dll
0x00007ffedb8f0000 - 0x00007ffedbad4000 	C:\WINDOWS\SYSTEM32\DBGHELP.DLL
0x00007ffed8840000 - 0x00007ffed886c000 	C:\WINDOWS\SYSTEM32\dbgcore.DLL
0x00007ffeecbd0000 - 0x00007ffeecc52000 	C:\WINDOWS\System32\bcryptPrimitives.dll
0x00007ffee0a60000 - 0x00007ffee0a6e000 	C:\Users\roma1\Desktop\jdk-17.0.2+8\bin\instrument.dll
0x00007ffee0a70000 - 0x00007ffee0a95000 	C:\Users\roma1\Desktop\jdk-17.0.2+8\bin\java.dll

dbghelp: loaded successfully - version: 4.0.5 - missing functions: none
symbol engine: initialized successfully - sym options: 0x614 - pdb path: .;C:\Users\roma1\Desktop\jdk-17.0.2+8\bin;C:\WINDOWS\SYSTEM32;C:\WINDOWS\WinSxS\amd64_microsoft.windows.common-controls_6595b64144ccf1df_6.0.19041.1110_none_60b5254171f9507e;C:\Users\roma1\Desktop\jdk-17.0.2+8\bin\server

VM Arguments:
jvm_args: -javaagent:C:\Program Files\JetBrains\IntelliJ IDEA Community Edition 2022.1.2\lib\idea_rt.jar=54535:C:\Program Files\JetBrains\IntelliJ IDEA Community Edition 2022.1.2\bin -Dfile.encoding=UTF-8 
java_command: Main
java_class_path (initial): C:\Users\roma1\IdeaProjects\untitled\out\production\untitled
Launcher Type: SUN_STANDARD

[Global flags]
     intx CICompilerCount                          = 3                                         {product} {ergonomic}
     uint ConcGCThreads                            = 2                                         {product} {ergonomic}
     uint G1ConcRefinementThreads                  = 6                                         {product} {ergonomic}
   size_t G1HeapRegionSize                         = 2097152                                   {product} {ergonomic}
    uintx GCDrainStackTargetSize                   = 64                                        {product} {ergonomic}
   size_t InitialHeapSize                          = 167772160                                 {product} {ergonomic}
   size_t MarkStackSize                            = 4194304                                   {product} {ergonomic}
   size_t MaxHeapSize                              = 2675965952                                {product} {ergonomic}
   size_t MinHeapDeltaBytes                        = 2097152                                   {product} {ergonomic}
   size_t MinHeapSize                              = 8388608                                   {product} {ergonomic}
    uintx NonNMethodCodeHeapSize                   = 5832780                                {pd product} {ergonomic}
    uintx NonProfiledCodeHeapSize                  = 122912730                              {pd product} {ergonomic}
    uintx ProfiledCodeHeapSize                     = 122912730                              {pd product} {ergonomic}
    uintx ReservedCodeCacheSize                    = 251658240                              {pd product} {ergonomic}
     bool SegmentedCodeCache                       = true                                      {product} {ergonomic}
   size_t SoftMaxHeapSize                          = 2675965952                             {manageable} {ergonomic}
     bool UseCompressedClassPointers               = true                           {product lp64_product} {ergonomic}
     bool UseCompressedOops                        = true                           {product lp64_product} {ergonomic}
     bool UseG1GC                                  = true                                      {product} {ergonomic}
     bool UseLargePagesIndividualAllocation        = false                                  {pd product} {ergonomic}

Logging:
Log output configuration:
 #0: stdout all=warning uptime,level,tags
 #1: stderr all=off uptime,level,tags

Environment Variables:
JAVA_HOME=C:\Users\roma1\Desktop\jdk-17.0.2+8
PATH=C:\ProgramData\Oracle\Java\javapath;C:\WINDOWS\system32;C:\WINDOWS;C:\WINDOWS\System32\Wbem;C:\WINDOWS\System32\WindowsPowerShell\v1.0\;C:\WINDOWS\System32\OpenSSH\;C:\Program Files (x86)\NVIDIA Corporation\PhysX\Common;C:\Program Files (x86)\ZeroTier\One\;C:\Program Files\Microsoft SQL Server\150\Tools\Binn\;C:\MinGW\mingw64\bin;C:\Users\roma1\Desktop\jdk-17.0.2+8\bin;C:\Users\roma1\AppData\Local\Microsoft\WindowsApps;;C:\Users\roma1\AppData\Local\Programs\Microsoft VS Code\bin
USERNAME=Роман
OS=Windows_NT
PROCESSOR_IDENTIFIER=AMD64 Family 21 Model 2 Stepping 0, AuthenticAMD



---------------  S Y S T E M  ---------------

OS:
 Windows 10 , 64 bit Build 19041 (10.0.19041.1706)
OS uptime: 0 days 12:20 hours

CPU: total 6 (initial active 6) (6 cores per cpu, 1 threads per core) family 21 model 2 stepping 0 microcode 0x0, cx8, cmov, fxsr, mmx, 3dnowpref, sse, sse2, sse3, ssse3, sse4a, sse4.1, sse4.2, popcnt, lzcnt, tsc, tscinvbit, avx, aes, clmul, bmi1, fma, vzeroupper, clflush

Memory: 4k page, system-wide physical 10204M (2161M free)
TotalPageFile size 10204M (AvailPageFile size 161M)
current process WorkingSet (physical memory assigned to process): 10M, peak: 10M
current process commit charge ("private bytes"): 55M, peak: 215M

vm_info: OpenJDK 64-Bit Server VM (17.0.2+8-LTS) for windows-amd64 JRE (17.0.2+8-LTS), built on Jan 20 2022 23:44:16 by "" with MS VC++ 16.10 / 16.11 (VS2019)

END.
